<?xml version="1.0" encoding="UTF-8"?>
<testsuite xmlns:xsi="http://www.w3.org/2001/XMLSchema-instance" xsi:noNamespaceSchemaLocation="https://maven.apache.org/surefire/maven-surefire-plugin/xsd/surefire-test-report.xsd" version="3.0.2" name="homeTestCases.navigations" time="44.387" tests="1" errors="0" skipped="0" failures="0">
  <properties>
    <property name="java.specification.version" value="21"/>
    <property name="sun.cpu.isalist" value="amd64"/>
    <property name="sun.jnu.encoding" value="Cp1252"/>
    <property name="java.class.path" value="C:\Interview\ErnxConsumerApp\target\test-classes;C:\Interview\ErnxConsumerApp\target\classes;C:\Users\gauta\.m2\repository\com\microsoft\playwright\playwright\1.51.0\playwright-1.51.0.jar;C:\Users\gauta\.m2\repository\com\google\code\gson\gson\2.12.1\gson-2.12.1.jar;C:\Users\gauta\.m2\repository\com\google\errorprone\error_prone_annotations\2.36.0\error_prone_annotations-2.36.0.jar;C:\Users\gauta\.m2\repository\org\opentest4j\opentest4j\1.3.0\opentest4j-1.3.0.jar;C:\Users\gauta\.m2\repository\com\microsoft\playwright\driver\1.51.0\driver-1.51.0.jar;C:\Users\gauta\.m2\repository\com\microsoft\playwright\driver-bundle\1.51.0\driver-bundle-1.51.0.jar;C:\Users\gauta\.m2\repository\org\junit\jupiter\junit-jupiter-api\5.13.0-M2\junit-jupiter-api-5.13.0-M2.jar;C:\Users\gauta\.m2\repository\org\junit\platform\junit-platform-commons\1.13.0-M2\junit-platform-commons-1.13.0-M2.jar;C:\Users\gauta\.m2\repository\org\apiguardian\apiguardian-api\1.1.2\apiguardian-api-1.1.2.jar;C:\Users\gauta\.m2\repository\com\sun\mail\javax.mail\1.6.2\javax.mail-1.6.2.jar;C:\Users\gauta\.m2\repository\javax\activation\activation\1.1\activation-1.1.jar;"/>
    <property name="java.vm.vendor" value="Oracle Corporation"/>
    <property name="sun.arch.data.model" value="64"/>
    <property name="user.variant" value=""/>
    <property name="java.vendor.url" value="https://java.oracle.com/"/>
    <property name="user.timezone" value="Asia/Calcutta"/>
    <property name="os.name" value="Windows 11"/>
    <property name="java.vm.specification.version" value="21"/>
    <property name="sun.java.launcher" value="SUN_STANDARD"/>
    <property name="user.country" value="IN"/>
    <property name="sun.boot.library.path" value="C:\Program Files\Java\jdk-21\bin"/>
    <property name="sun.java.command" value="C:\Users\gauta\AppData\Local\Temp\surefire11530960525824083837\surefirebooter-20250429142848679_3.jar C:\Users\gauta\AppData\Local\Temp\surefire11530960525824083837 2025-04-29T14-28-48_535-jvmRun1 surefire-20250429142848679_1tmp surefire_0-20250429142848679_2tmp"/>
    <property name="jdk.debug" value="release"/>
    <property name="surefire.test.class.path" value="C:\Interview\ErnxConsumerApp\target\test-classes;C:\Interview\ErnxConsumerApp\target\classes;C:\Users\gauta\.m2\repository\com\microsoft\playwright\playwright\1.51.0\playwright-1.51.0.jar;C:\Users\gauta\.m2\repository\com\google\code\gson\gson\2.12.1\gson-2.12.1.jar;C:\Users\gauta\.m2\repository\com\google\errorprone\error_prone_annotations\2.36.0\error_prone_annotations-2.36.0.jar;C:\Users\gauta\.m2\repository\org\opentest4j\opentest4j\1.3.0\opentest4j-1.3.0.jar;C:\Users\gauta\.m2\repository\com\microsoft\playwright\driver\1.51.0\driver-1.51.0.jar;C:\Users\gauta\.m2\repository\com\microsoft\playwright\driver-bundle\1.51.0\driver-bundle-1.51.0.jar;C:\Users\gauta\.m2\repository\org\junit\jupiter\junit-jupiter-api\5.13.0-M2\junit-jupiter-api-5.13.0-M2.jar;C:\Users\gauta\.m2\repository\org\junit\platform\junit-platform-commons\1.13.0-M2\junit-platform-commons-1.13.0-M2.jar;C:\Users\gauta\.m2\repository\org\apiguardian\apiguardian-api\1.1.2\apiguardian-api-1.1.2.jar;C:\Users\gauta\.m2\repository\com\sun\mail\javax.mail\1.6.2\javax.mail-1.6.2.jar;C:\Users\gauta\.m2\repository\javax\activation\activation\1.1\activation-1.1.jar;"/>
    <property name="sun.cpu.endian" value="little"/>
    <property name="user.home" value="C:\Users\gauta"/>
    <property name="user.language" value="en"/>
    <property name="java.specification.vendor" value="Oracle Corporation"/>
    <property name="java.version.date" value="2025-01-21"/>
    <property name="java.home" value="C:\Program Files\Java\jdk-21"/>
    <property name="file.separator" value="\"/>
    <property name="basedir" value="C:\Interview\ErnxConsumerApp"/>
    <property name="style.color" value="always"/>
    <property name="java.vm.compressedOopsMode" value="Zero based"/>
    <property name="line.separator" value="&#10;"/>
    <property name="java.vm.specification.vendor" value="Oracle Corporation"/>
    <property name="java.specification.name" value="Java Platform API Specification"/>
    <property name="surefire.real.class.path" value="C:\Users\gauta\AppData\Local\Temp\surefire11530960525824083837\surefirebooter-20250429142848679_3.jar"/>
    <property name="user.script" value=""/>
    <property name="sun.management.compiler" value="HotSpot 64-Bit Tiered Compilers"/>
    <property name="java.runtime.version" value="21.0.6+8-LTS-188"/>
    <property name="user.name" value="gauta"/>
    <property name="stdout.encoding" value="Cp1252"/>
    <property name="path.separator" value=";"/>
    <property name="os.version" value="10.0"/>
    <property name="java.runtime.name" value="Java(TM) SE Runtime Environment"/>
    <property name="file.encoding" value="UTF-8"/>
    <property name="java.vm.name" value="Java HotSpot(TM) 64-Bit Server VM"/>
    <property name="localRepository" value="C:\Users\gauta\.m2\repository"/>
    <property name="java.vendor.url.bug" value="https://bugreport.java.com/bugreport/"/>
    <property name="java.io.tmpdir" value="C:\Users\gauta\AppData\Local\Temp\"/>
    <property name="java.version" value="21.0.6"/>
    <property name="user.dir" value="C:\Interview\ErnxConsumerApp"/>
    <property name="os.arch" value="amd64"/>
    <property name="java.vm.specification.name" value="Java Virtual Machine Specification"/>
    <property name="sun.os.patch.level" value=""/>
    <property name="native.encoding" value="Cp1252"/>
    <property name="java.library.path" value="C:\Program Files\Java\jdk-21\bin;C:\Windows\Sun\Java\bin;C:\Windows\system32;C:\Windows;C:\Program Files\Common Files\Oracle\Java\javapath;C:\Windows\system32;C:\Windows;C:\Windows\System32\Wbem;C:\Windows\System32\WindowsPowerShell\v1.0\;C:\Windows\System32\OpenSSH\;C:\Program Files (x86)\NVIDIA Corporation\PhysX\Common;C:\Program Files\NVIDIA Corporation\NVIDIA NvDLISR;C:\Program Files\Git\cmd;C:\Program Files\Java\jdk-21\bin;C:\Program Files\Java\jdk-21\bin;C:\Program Files\Java\jdk-21;C:\Interview\apache-maven-3.9.9\bin;C:\Users\gauta\AppData\Local\Microsoft\WindowsApps;C:\Program Files\Java\jdk-23\bin;C:\Users\gauta\AppData\Local\Programs\Microsoft VS Code\bin;."/>
    <property name="java.vm.info" value="mixed mode, sharing"/>
    <property name="stderr.encoding" value="Cp1252"/>
    <property name="java.vendor" value="Oracle Corporation"/>
    <property name="java.vm.version" value="21.0.6+8-LTS-188"/>
    <property name="sun.io.unicode.encoding" value="UnicodeLittle"/>
    <property name="java.class.version" value="65.0"/>
  </properties>
  <testcase name="runNavigationTests" classname="homeTestCases.navigations" time="38.258">
    <system-out><![CDATA[Points History diplayed for 1st child!
Points History diplayed for 2nd child!
]]></system-out>
    <system-err><![CDATA[Apr 29, 2025 2:28:55 PM homeTestCases.navigations login
INFO: Starting browser and Test Case
Apr 29, 2025 2:28:57 PM homeTestCases.navigations login
INFO: Login Page Opened
Apr 29, 2025 2:29:02 PM homeTestCases.navigations login
INFO: Getting Otp and filling
Apr 29, 2025 2:29:13 PM homeTestCases.navigations login
INFO: Otp is Veified
Apr 29, 2025 2:29:23 PM homeTestCases.navigations login
INFO: Verifying the Name of child and URL is correct
Apr 29, 2025 2:29:23 PM homeTestCases.navigations login
INFO: Login Success!!!!
Apr 29, 2025 2:29:23 PM homeTestCases.navigations chooseReward
INFO: Starting chooseReward Test Case!!!
Apr 29, 2025 2:29:24 PM homeTestCases.navigations chooseReward
INFO: chooseReward Test Case Passed!!!
Apr 29, 2025 2:29:24 PM homeTestCases.navigations gameRules
INFO: Starting game rules Test Case!!!
Apr 29, 2025 2:29:24 PM homeTestCases.navigations gameRules
INFO: Content Verified on Game Rules page
Apr 29, 2025 2:29:24 PM homeTestCases.navigations gameRules
INFO: game rules Test Case Passed!!!
Apr 29, 2025 2:29:24 PM homeTestCases.navigations historyPage
INFO: Starting historyPage Test Case!!!
Apr 29, 2025 2:29:25 PM homeTestCases.navigations historyPage
INFO: We are on History Page
Apr 29, 2025 2:29:25 PM homeTestCases.navigations historyPage
INFO: Checking for first Child Points History
Apr 29, 2025 2:29:27 PM homeTestCases.navigations historyPage
INFO: Checking for second Child Points History
Apr 29, 2025 2:29:27 PM homeTestCases.navigations historyPage
INFO: historyPage Test Case Passed!!!
Apr 29, 2025 2:29:27 PM homeTestCases.navigations storeNavigation
INFO: Starting storeNavigation Test Case!!!
Apr 29, 2025 2:29:27 PM homeTestCases.navigations storeNavigation
INFO: We are on Store Page
Apr 29, 2025 2:29:32 PM homeTestCases.navigations settingsNavigations
INFO: Starting settingsNavigations Test Case!!!
Apr 29, 2025 2:29:33 PM homeTestCases.navigations settingsNavigations
INFO: We are on Settings Page
Apr 29, 2025 2:29:33 PM homeTestCases.navigations settingsNavigations
INFO: We are able to navigate on accountInfo 
Apr 29, 2025 2:29:33 PM homeTestCases.navigations settingsNavigations
INFO: We are able to navigate on childrenInfo 
Apr 29, 2025 2:29:33 PM homeTestCases.navigations settingsNavigations
INFO: settingsNavigations Test Case Passed!!!
]]></system-err>
  </testcase>
</testsuite>