<?xml version="1.0" encoding="UTF-8"?>
<!-- Generated by org.testng.reporters.JUnitReportReporter -->
<testsuite hostname="Gautam" failures="0" tests="2" name="gamePage.clickingBrushOrFlossAndroid" time="18.168" errors="1" timestamp="2025-04-29T17:31:46 IST" skipped="1">
  <testcase classname="gamePage.clickingBrushOrFlossAndroid" name="login" time="18.168">
    <error message="Error {
  message=&#039;Target page, context or browser has been closed
  name=&#039;TargetClosedError
  stack=&#039;TargetClosedError:Target page, context or browser has been closed
Error
    at captureRawStack (C:\Users\gauta\AppData\Local\Temp\playwright-java-7300592778215919104\package\lib\utils\isomorphic\stackTrace.js:36:17)
    at LongStandingScope._race (C:\Users\gauta\AppData\Local\Temp\playwright-java-7300592778215919104\package\lib\utils\isomorphic\manualPromise.js:89:52)
    at LongStandingScope.race (C:\Users\gauta\AppData\Local\Temp\playwright-java-7300592778215919104\package\lib\utils\isomorphic\manualPromise.js:82:17)
    at C:\Users\gauta\AppData\Local\Temp\playwright-java-7300592778215919104\package\lib\utils\isomorphic\manualPromise.js:79:43
    at Array.map (&lt;anonymous&gt;)
    at LongStandingScope.raceMultiple (C:\Users\gauta\AppData\Local\Temp\playwright-java-7300592778215919104\package\lib\utils\isomorphic\manualPromise.js:79:32)
    at Frame.retryWithProgressAndTimeouts (C:\Users\gauta\AppData\Local\Temp\playwright-java-7300592778215919104\package\lib\server\frames.js:931:40)
    at async C:\Users\gauta\AppData\Local\Temp\playwright-java-7300592778215919104\package\lib\server\frames.js:1023:29
    at async ProgressController.run (C:\Users\gauta\AppData\Local\Temp\playwright-java-7300592778215919104\package\lib\server\progress.js:79:22)
    at async FrameDispatcher.click (C:\Users\gauta\AppData\Local\Temp\playwright-java-7300592778215919104\package\lib\server\dispatchers\frameDispatcher.js:157:12)
    at async LongStandingScope._race (C:\Users\gauta\AppData\Local\Temp\playwright-java-7300592778215919104\package\lib\utils\isomorphic\manualPromise.js:94:14)
    at async FrameDispatcher._handleCommand (C:\Users\gauta\AppData\Local\Temp\playwright-java-7300592778215919104\package\lib\server\dispatchers\dispatcher.js:98:14)
    at async DispatcherConnection.dispatch (C:\Users\gauta\AppData\Local\Temp\playwright-java-7300592778215919104\package\lib\server\dispatchers\dispatcher.js:366:22)
}
Call log:
-   - waiting for locator(&quot;//span[normalize-space()=&#039;Settings&#039;]&quot;)
" type="com.microsoft.playwright.impl.TargetClosedError">
      <![CDATA[com.microsoft.playwright.impl.TargetClosedError: Error {
  message='Target page, context or browser has been closed
  name='TargetClosedError
  stack='TargetClosedError:Target page, context or browser has been closed
Error
    at captureRawStack (C:\Users\gauta\AppData\Local\Temp\playwright-java-7300592778215919104\package\lib\utils\isomorphic\stackTrace.js:36:17)
    at LongStandingScope._race (C:\Users\gauta\AppData\Local\Temp\playwright-java-7300592778215919104\package\lib\utils\isomorphic\manualPromise.js:89:52)
    at LongStandingScope.race (C:\Users\gauta\AppData\Local\Temp\playwright-java-7300592778215919104\package\lib\utils\isomorphic\manualPromise.js:82:17)
    at C:\Users\gauta\AppData\Local\Temp\playwright-java-7300592778215919104\package\lib\utils\isomorphic\manualPromise.js:79:43
    at Array.map (<anonymous>)
    at LongStandingScope.raceMultiple (C:\Users\gauta\AppData\Local\Temp\playwright-java-7300592778215919104\package\lib\utils\isomorphic\manualPromise.js:79:32)
    at Frame.retryWithProgressAndTimeouts (C:\Users\gauta\AppData\Local\Temp\playwright-java-7300592778215919104\package\lib\server\frames.js:931:40)
    at async C:\Users\gauta\AppData\Local\Temp\playwright-java-7300592778215919104\package\lib\server\frames.js:1023:29
    at async ProgressController.run (C:\Users\gauta\AppData\Local\Temp\playwright-java-7300592778215919104\package\lib\server\progress.js:79:22)
    at async FrameDispatcher.click (C:\Users\gauta\AppData\Local\Temp\playwright-java-7300592778215919104\package\lib\server\dispatchers\frameDispatcher.js:157:12)
    at async LongStandingScope._race (C:\Users\gauta\AppData\Local\Temp\playwright-java-7300592778215919104\package\lib\utils\isomorphic\manualPromise.js:94:14)
    at async FrameDispatcher._handleCommand (C:\Users\gauta\AppData\Local\Temp\playwright-java-7300592778215919104\package\lib\server\dispatchers\dispatcher.js:98:14)
    at async DispatcherConnection.dispatch (C:\Users\gauta\AppData\Local\Temp\playwright-java-7300592778215919104\package\lib\server\dispatchers\dispatcher.js:366:22)
}
Call log:
-   - waiting for locator("//span[normalize-space()='Settings']")

at com.microsoft.playwright.impl.WaitableResult.get(WaitableResult.java:54)
at com.microsoft.playwright.impl.ChannelOwner.runUntil(ChannelOwner.java:132)
at com.microsoft.playwright.impl.Connection.sendMessage(Connection.java:130)
at com.microsoft.playwright.impl.ChannelOwner.sendMessage(ChannelOwner.java:118)
at com.microsoft.playwright.impl.FrameImpl.clickImpl(FrameImpl.java:252)
at com.microsoft.playwright.impl.FrameImpl.lambda$click$8(FrameImpl.java:243)
at com.microsoft.playwright.impl.LoggingSupport.lambda$withLogging$0(LoggingSupport.java:36)
at com.microsoft.playwright.impl.LoggingSupport.withLogging(LoggingSupport.java:47)
at com.microsoft.playwright.impl.ChannelOwner.withLogging(ChannelOwner.java:97)
at com.microsoft.playwright.impl.LoggingSupport.withLogging(LoggingSupport.java:35)
at com.microsoft.playwright.impl.FrameImpl.click(FrameImpl.java:243)
at com.microsoft.playwright.impl.LocatorImpl.click(LocatorImpl.java:174)
at com.microsoft.playwright.Locator.click(Locator.java:2508)
at gamePage.clickingBrushOrFlossAndroid.login(clickingBrushOrFlossAndroid.java:55)
at java.base/jdk.internal.reflect.DirectMethodHandleAccessor.invoke(DirectMethodHandleAccessor.java:103)
at java.base/java.lang.reflect.Method.invoke(Method.java:580)
at org.testng.internal.invokers.MethodInvocationHelper.invokeMethod(MethodInvocationHelper.java:141)
at org.testng.internal.invokers.TestInvoker.invokeMethod(TestInvoker.java:687)
at org.testng.internal.invokers.TestInvoker.invokeTestMethod(TestInvoker.java:230)
at org.testng.internal.invokers.MethodRunner.runInSequence(MethodRunner.java:63)
at org.testng.internal.invokers.TestInvoker$MethodInvocationAgent.invoke(TestInvoker.java:995)
at org.testng.internal.invokers.TestInvoker.invokeTestMethods(TestInvoker.java:203)
at org.testng.internal.invokers.TestMethodWorker.invokeTestMethods(TestMethodWorker.java:154)
at org.testng.internal.invokers.TestMethodWorker.run(TestMethodWorker.java:134)
at java.base/java.util.ArrayList.forEach(ArrayList.java:1596)
at org.testng.TestRunner.privateRun(TestRunner.java:741)
at org.testng.TestRunner.run(TestRunner.java:616)
at org.testng.SuiteRunner.runTest(SuiteRunner.java:421)
at org.testng.SuiteRunner.runSequentially(SuiteRunner.java:413)
at org.testng.SuiteRunner.privateRun(SuiteRunner.java:373)
at org.testng.SuiteRunner.run(SuiteRunner.java:312)
at org.testng.SuiteRunnerWorker.runSuite(SuiteRunnerWorker.java:52)
at org.testng.SuiteRunnerWorker.run(SuiteRunnerWorker.java:95)
at org.testng.TestNG.runSuitesSequentially(TestNG.java:1274)
at org.testng.TestNG.runSuitesLocally(TestNG.java:1208)
at org.testng.TestNG.runSuites(TestNG.java:1112)
at org.testng.TestNG.run(TestNG.java:1079)
at org.testng.remote.AbstractRemoteTestNG.run(AbstractRemoteTestNG.java:115)
at org.testng.remote.RemoteTestNG.initAndRun(RemoteTestNG.java:293)
at org.testng.remote.RemoteTestNG.main(RemoteTestNG.java:91)
Caused by: com.microsoft.playwright.impl.TargetClosedError: Error {
  message='Target page, context or browser has been closed
  name='TargetClosedError
  stack='TargetClosedError:Target page, context or browser has been closed
Error
    at captureRawStack (C:\Users\gauta\AppData\Local\Temp\playwright-java-7300592778215919104\package\lib\utils\isomorphic\stackTrace.js:36:17)
    at LongStandingScope._race (C:\Users\gauta\AppData\Local\Temp\playwright-java-7300592778215919104\package\lib\utils\isomorphic\manualPromise.js:89:52)
    at LongStandingScope.race (C:\Users\gauta\AppData\Local\Temp\playwright-java-7300592778215919104\package\lib\utils\isomorphic\manualPromise.js:82:17)
    at C:\Users\gauta\AppData\Local\Temp\playwright-java-7300592778215919104\package\lib\utils\isomorphic\manualPromise.js:79:43
    at Array.map (<anonymous>)
    at LongStandingScope.raceMultiple (C:\Users\gauta\AppData\Local\Temp\playwright-java-7300592778215919104\package\lib\utils\isomorphic\manualPromise.js:79:32)
    at Frame.retryWithProgressAndTimeouts (C:\Users\gauta\AppData\Local\Temp\playwright-java-7300592778215919104\package\lib\server\frames.js:931:40)
    at async C:\Users\gauta\AppData\Local\Temp\playwright-java-7300592778215919104\package\lib\server\frames.js:1023:29
    at async ProgressController.run (C:\Users\gauta\AppData\Local\Temp\playwright-java-7300592778215919104\package\lib\server\progress.js:79:22)
    at async FrameDispatcher.click (C:\Users\gauta\AppData\Local\Temp\playwright-java-7300592778215919104\package\lib\server\dispatchers\frameDispatcher.js:157:12)
    at async LongStandingScope._race (C:\Users\gauta\AppData\Local\Temp\playwright-java-7300592778215919104\package\lib\utils\isomorphic\manualPromise.js:94:14)
    at async FrameDispatcher._handleCommand (C:\Users\gauta\AppData\Local\Temp\playwright-java-7300592778215919104\package\lib\server\dispatchers\dispatcher.js:98:14)
    at async DispatcherConnection.dispatch (C:\Users\gauta\AppData\Local\Temp\playwright-java-7300592778215919104\package\lib\server\dispatchers\dispatcher.js:366:22)
}
Call log:
-   - waiting for locator("//span[normalize-space()='Settings']")

at com.microsoft.playwright.impl.Connection.dispatch(Connection.java:256)
at com.microsoft.playwright.impl.Connection.processOneMessage(Connection.java:211)
at com.microsoft.playwright.impl.ChannelOwner.runUntil(ChannelOwner.java:130)
... 38 more
]]>
    </error>
  </testcase> <!-- login -->
  <testcase classname="gamePage.clickingBrushOrFlossAndroid" name="clickingOnActivities" time="0.000">
    <skipped/>
  </testcase> <!-- clickingOnActivities -->
</testsuite> <!-- gamePage.clickingBrushOrFlossAndroid -->
