<?xml version="1.0" encoding="UTF-8"?>
<!-- Generated by org.testng.reporters.JUnitReportReporter -->
<testsuite hostname="Gautam" failures="0" tests="5" name="homeTestCases.navigations" time="33.393" errors="0" timestamp="2025-04-29T17:31:46 IST" skipped="0">
  <testcase classname="homeTestCases.navigations" name="storeNavigation" time="5.114"/>
  <testcase classname="homeTestCases.navigations" name="historyPage" time="2.376"/>
  <testcase classname="homeTestCases.navigations" name="chooseReward" time="25.315"/>
  <testcase classname="homeTestCases.navigations" name="gameRules" time="0.391"/>
  <testcase classname="homeTestCases.navigations" name="settingsNavigations" time="0.197"/>
</testsuite> <!-- homeTestCases.navigations -->
