<?xml version="1.0" encoding="UTF-8"?>
<!-- Generated by org.testng.reporters.JUnitReportReporter -->
<testsuite hostname="Gautam" failures="0" tests="1" name="LoginPage.LoginTestConsumer" time="24.617" errors="0" timestamp="2025-04-29T17:34:57 IST" skipped="0">
  <testcase classname="LoginPage.LoginTestConsumer" name="oldUserLoginAddChild" time="24.617"/>
</testsuite> <!-- LoginPage.LoginTestConsumer -->
