<?xml version="1.0" encoding="UTF-8"?>
<!-- Generated by org.testng.reporters.JUnitReportReporter -->
<testsuite hostname="Gautam" failures="0" tests="2" name="SettingsPage.settingsTestCases" time="17.356" errors="0" timestamp="2025-04-29T17:31:46 IST" skipped="0">
  <testcase classname="SettingsPage.settingsTestCases" name="login" time="17.002"/>
  <testcase classname="SettingsPage.settingsTestCases" name="changeParentName" time="0.354"/>
</testsuite> <!-- SettingsPage.settingsTestCases -->
