<?xml version="1.0" encoding="UTF-8"?>
<!-- Generated by org.testng.reporters.JUnitReportReporter -->
<testsuite hostname="Gautam" failures="0" tests="1" name="gamePage.clickingBrushOrFloss" time="7.275" errors="0" timestamp="2025-04-29T17:31:46 IST" skipped="0">
  <testcase classname="gamePage.clickingBrushOrFloss" name="clickingOnActivities" time="7.275"/>
</testsuite> <!-- gamePage.clickingBrushOrFloss -->
