<?xml version="1.0" encoding="UTF-8"?>
<!-- Generated by org.testng.reporters.JUnitReportReporter -->
<testsuite hostname="Gautam" failures="0" tests="2" name="LoginPage.LoginTestConsumerAndroid" time="0.004" errors="2" timestamp="2025-04-29T17:31:46 IST" skipped="0">
  <testcase classname="LoginPage.LoginTestConsumerAndroid" name="oldUserLoginAddChild" time="0.002">
    <error message="Error {
  message=&#039;Target page, context or browser has been closed
  name=&#039;TargetClosedError
  stack=&#039;TargetClosedError: Target page, context or browser has been closed
    at DispatcherConnection.dispatch (C:\Users\gauta\AppData\Local\Temp\playwright-java-7300592778215919104\package\lib\server\dispatchers\dispatcher.js:283:44)
    at transport.onmessage (C:\Users\gauta\AppData\Local\Temp\playwright-java-7300592778215919104\package\lib\cli\driver.js:52:57)
    at Immediate._onImmediate (C:\Users\gauta\AppData\Local\Temp\playwright-java-7300592778215919104\package\lib\server\utils\pipeTransport.js:77:34)
    at process.processImmediate (node:internal/timers:491:21)
}" type="com.microsoft.playwright.impl.TargetClosedError">
      <![CDATA[com.microsoft.playwright.impl.TargetClosedError: Error {
  message='Target page, context or browser has been closed
  name='TargetClosedError
  stack='TargetClosedError: Target page, context or browser has been closed
    at DispatcherConnection.dispatch (C:\Users\gauta\AppData\Local\Temp\playwright-java-7300592778215919104\package\lib\server\dispatchers\dispatcher.js:283:44)
    at transport.onmessage (C:\Users\gauta\AppData\Local\Temp\playwright-java-7300592778215919104\package\lib\cli\driver.js:52:57)
    at Immediate._onImmediate (C:\Users\gauta\AppData\Local\Temp\playwright-java-7300592778215919104\package\lib\server\utils\pipeTransport.js:77:34)
    at process.processImmediate (node:internal/timers:491:21)
}
at com.microsoft.playwright.impl.WaitableResult.get(WaitableResult.java:54)
at com.microsoft.playwright.impl.ChannelOwner.runUntil(ChannelOwner.java:132)
at com.microsoft.playwright.impl.Connection.sendMessage(Connection.java:130)
at com.microsoft.playwright.impl.ChannelOwner.sendMessage(ChannelOwner.java:118)
at com.microsoft.playwright.impl.FrameImpl.navigateImpl(FrameImpl.java:463)
at com.microsoft.playwright.impl.PageImpl.lambda$navigate$47(PageImpl.java:943)
at com.microsoft.playwright.impl.LoggingSupport.withLogging(LoggingSupport.java:47)
at com.microsoft.playwright.impl.ChannelOwner.withLogging(ChannelOwner.java:97)
at com.microsoft.playwright.impl.PageImpl.navigate(PageImpl.java:943)
at com.microsoft.playwright.impl.PageImpl.navigate(PageImpl.java:42)
at com.microsoft.playwright.Page.navigate(Page.java:5491)
at LoginPage.LoginTestConsumerAndroid.oldUserLoginAddChild(LoginTestConsumerAndroid.java:91)
at java.base/jdk.internal.reflect.DirectMethodHandleAccessor.invoke(DirectMethodHandleAccessor.java:103)
at java.base/java.lang.reflect.Method.invoke(Method.java:580)
at org.testng.internal.invokers.MethodInvocationHelper.invokeMethod(MethodInvocationHelper.java:141)
at org.testng.internal.invokers.TestInvoker.invokeMethod(TestInvoker.java:687)
at org.testng.internal.invokers.TestInvoker.invokeTestMethod(TestInvoker.java:230)
at org.testng.internal.invokers.MethodRunner.runInSequence(MethodRunner.java:63)
at org.testng.internal.invokers.TestInvoker$MethodInvocationAgent.invoke(TestInvoker.java:995)
at org.testng.internal.invokers.TestInvoker.invokeTestMethods(TestInvoker.java:203)
at org.testng.internal.invokers.TestMethodWorker.invokeTestMethods(TestMethodWorker.java:154)
at org.testng.internal.invokers.TestMethodWorker.run(TestMethodWorker.java:134)
at java.base/java.util.ArrayList.forEach(ArrayList.java:1596)
at org.testng.TestRunner.privateRun(TestRunner.java:741)
at org.testng.TestRunner.run(TestRunner.java:616)
at org.testng.SuiteRunner.runTest(SuiteRunner.java:421)
at org.testng.SuiteRunner.runSequentially(SuiteRunner.java:413)
at org.testng.SuiteRunner.privateRun(SuiteRunner.java:373)
at org.testng.SuiteRunner.run(SuiteRunner.java:312)
at org.testng.SuiteRunnerWorker.runSuite(SuiteRunnerWorker.java:52)
at org.testng.SuiteRunnerWorker.run(SuiteRunnerWorker.java:95)
at org.testng.TestNG.runSuitesSequentially(TestNG.java:1274)
at org.testng.TestNG.runSuitesLocally(TestNG.java:1208)
at org.testng.TestNG.runSuites(TestNG.java:1112)
at org.testng.TestNG.run(TestNG.java:1079)
at org.testng.remote.AbstractRemoteTestNG.run(AbstractRemoteTestNG.java:115)
at org.testng.remote.RemoteTestNG.initAndRun(RemoteTestNG.java:293)
at org.testng.remote.RemoteTestNG.main(RemoteTestNG.java:91)
Caused by: com.microsoft.playwright.impl.TargetClosedError: Error {
  message='Target page, context or browser has been closed
  name='TargetClosedError
  stack='TargetClosedError: Target page, context or browser has been closed
    at DispatcherConnection.dispatch (C:\Users\gauta\AppData\Local\Temp\playwright-java-7300592778215919104\package\lib\server\dispatchers\dispatcher.js:283:44)
    at transport.onmessage (C:\Users\gauta\AppData\Local\Temp\playwright-java-7300592778215919104\package\lib\cli\driver.js:52:57)
    at Immediate._onImmediate (C:\Users\gauta\AppData\Local\Temp\playwright-java-7300592778215919104\package\lib\server\utils\pipeTransport.js:77:34)
    at process.processImmediate (node:internal/timers:491:21)
}
at com.microsoft.playwright.impl.Connection.dispatch(Connection.java:256)
at com.microsoft.playwright.impl.Connection.processOneMessage(Connection.java:211)
at com.microsoft.playwright.impl.ChannelOwner.runUntil(ChannelOwner.java:130)
... 36 more
]]>
    </error>
  </testcase> <!-- oldUserLoginAddChild -->
  <testcase classname="LoginPage.LoginTestConsumerAndroid" name="newLoginAddChild" time="0.002">
    <error message="Error {
  message=&#039;Target page, context or browser has been closed
  name=&#039;TargetClosedError
  stack=&#039;TargetClosedError: Target page, context or browser has been closed
    at DispatcherConnection.dispatch (C:\Users\gauta\AppData\Local\Temp\playwright-java-7300592778215919104\package\lib\server\dispatchers\dispatcher.js:283:44)
    at transport.onmessage (C:\Users\gauta\AppData\Local\Temp\playwright-java-7300592778215919104\package\lib\cli\driver.js:52:57)
    at Immediate._onImmediate (C:\Users\gauta\AppData\Local\Temp\playwright-java-7300592778215919104\package\lib\server\utils\pipeTransport.js:77:34)
    at process.processImmediate (node:internal/timers:491:21)
}" type="com.microsoft.playwright.impl.TargetClosedError">
      <![CDATA[com.microsoft.playwright.impl.TargetClosedError: Error {
  message='Target page, context or browser has been closed
  name='TargetClosedError
  stack='TargetClosedError: Target page, context or browser has been closed
    at DispatcherConnection.dispatch (C:\Users\gauta\AppData\Local\Temp\playwright-java-7300592778215919104\package\lib\server\dispatchers\dispatcher.js:283:44)
    at transport.onmessage (C:\Users\gauta\AppData\Local\Temp\playwright-java-7300592778215919104\package\lib\cli\driver.js:52:57)
    at Immediate._onImmediate (C:\Users\gauta\AppData\Local\Temp\playwright-java-7300592778215919104\package\lib\server\utils\pipeTransport.js:77:34)
    at process.processImmediate (node:internal/timers:491:21)
}
at com.microsoft.playwright.impl.WaitableResult.get(WaitableResult.java:54)
at com.microsoft.playwright.impl.ChannelOwner.runUntil(ChannelOwner.java:132)
at com.microsoft.playwright.impl.Connection.sendMessage(Connection.java:130)
at com.microsoft.playwright.impl.ChannelOwner.sendMessage(ChannelOwner.java:118)
at com.microsoft.playwright.impl.FrameImpl.navigateImpl(FrameImpl.java:463)
at com.microsoft.playwright.impl.PageImpl.lambda$navigate$47(PageImpl.java:943)
at com.microsoft.playwright.impl.LoggingSupport.withLogging(LoggingSupport.java:47)
at com.microsoft.playwright.impl.ChannelOwner.withLogging(ChannelOwner.java:97)
at com.microsoft.playwright.impl.PageImpl.navigate(PageImpl.java:943)
at com.microsoft.playwright.impl.PageImpl.navigate(PageImpl.java:42)
at com.microsoft.playwright.Page.navigate(Page.java:5491)
at LoginPage.LoginTestConsumerAndroid.newLoginAddChild(LoginTestConsumerAndroid.java:43)
at java.base/jdk.internal.reflect.DirectMethodHandleAccessor.invoke(DirectMethodHandleAccessor.java:103)
at java.base/java.lang.reflect.Method.invoke(Method.java:580)
at org.testng.internal.invokers.MethodInvocationHelper.invokeMethod(MethodInvocationHelper.java:141)
at org.testng.internal.invokers.TestInvoker.invokeMethod(TestInvoker.java:687)
at org.testng.internal.invokers.TestInvoker.invokeTestMethod(TestInvoker.java:230)
at org.testng.internal.invokers.MethodRunner.runInSequence(MethodRunner.java:63)
at org.testng.internal.invokers.TestInvoker$MethodInvocationAgent.invoke(TestInvoker.java:995)
at org.testng.internal.invokers.TestInvoker.invokeTestMethods(TestInvoker.java:203)
at org.testng.internal.invokers.TestMethodWorker.invokeTestMethods(TestMethodWorker.java:154)
at org.testng.internal.invokers.TestMethodWorker.run(TestMethodWorker.java:134)
at java.base/java.util.ArrayList.forEach(ArrayList.java:1596)
at org.testng.TestRunner.privateRun(TestRunner.java:741)
at org.testng.TestRunner.run(TestRunner.java:616)
at org.testng.SuiteRunner.runTest(SuiteRunner.java:421)
at org.testng.SuiteRunner.runSequentially(SuiteRunner.java:413)
at org.testng.SuiteRunner.privateRun(SuiteRunner.java:373)
at org.testng.SuiteRunner.run(SuiteRunner.java:312)
at org.testng.SuiteRunnerWorker.runSuite(SuiteRunnerWorker.java:52)
at org.testng.SuiteRunnerWorker.run(SuiteRunnerWorker.java:95)
at org.testng.TestNG.runSuitesSequentially(TestNG.java:1274)
at org.testng.TestNG.runSuitesLocally(TestNG.java:1208)
at org.testng.TestNG.runSuites(TestNG.java:1112)
at org.testng.TestNG.run(TestNG.java:1079)
at org.testng.remote.AbstractRemoteTestNG.run(AbstractRemoteTestNG.java:115)
at org.testng.remote.RemoteTestNG.initAndRun(RemoteTestNG.java:293)
at org.testng.remote.RemoteTestNG.main(RemoteTestNG.java:91)
Caused by: com.microsoft.playwright.impl.TargetClosedError: Error {
  message='Target page, context or browser has been closed
  name='TargetClosedError
  stack='TargetClosedError: Target page, context or browser has been closed
    at DispatcherConnection.dispatch (C:\Users\gauta\AppData\Local\Temp\playwright-java-7300592778215919104\package\lib\server\dispatchers\dispatcher.js:283:44)
    at transport.onmessage (C:\Users\gauta\AppData\Local\Temp\playwright-java-7300592778215919104\package\lib\cli\driver.js:52:57)
    at Immediate._onImmediate (C:\Users\gauta\AppData\Local\Temp\playwright-java-7300592778215919104\package\lib\server\utils\pipeTransport.js:77:34)
    at process.processImmediate (node:internal/timers:491:21)
}
at com.microsoft.playwright.impl.Connection.dispatch(Connection.java:256)
at com.microsoft.playwright.impl.Connection.processOneMessage(Connection.java:211)
at com.microsoft.playwright.impl.ChannelOwner.runUntil(ChannelOwner.java:130)
... 36 more
]]>
    </error>
  </testcase> <!-- newLoginAddChild -->
</testsuite> <!-- LoginPage.LoginTestConsumerAndroid -->
