<?xml version="1.0" encoding="UTF-8"?>
<!-- Generated by org.testng.reporters.JUnitReportReporter -->
<testsuite hostname="Gautam" failures="0" tests="5" name="homeTestCases.navigationsIphone" time="28.762" errors="0" timestamp="2025-04-29T17:56:30 IST" skipped="0">
  <testcase classname="homeTestCases.navigationsIphone" name="chooseReward" time="20.048"/>
  <testcase classname="homeTestCases.navigationsIphone" name="gameRules" time="0.419"/>
  <testcase classname="homeTestCases.navigationsIphone" name="historyPage" time="2.261"/>
  <testcase classname="homeTestCases.navigationsIphone" name="storeNavigation" time="5.137"/>
  <testcase classname="homeTestCases.navigationsIphone" name="settingsNavigations" time="0.897"/>
</testsuite> <!-- homeTestCases.navigationsIphone -->
