<?xml version="1.0" encoding="UTF-8"?>
<!-- Generated by org.testng.reporters.JUnitReportReporter -->
<testsuite hostname="Gautam" failures="0" tests="5" name="homeTestCases.navigations" time="33.834" errors="0" timestamp="2025-04-29T17:53:08 IST" skipped="0">
  <testcase classname="homeTestCases.navigations" name="settingsNavigations" time="0.227"/>
  <testcase classname="homeTestCases.navigations" name="historyPage" time="2.395"/>
  <testcase classname="homeTestCases.navigations" name="gameRules" time="0.419"/>
  <testcase classname="homeTestCases.navigations" name="storeNavigation" time="5.111"/>
  <testcase classname="homeTestCases.navigations" name="chooseReward" time="25.682"/>
</testsuite> <!-- homeTestCases.navigations -->
