<?xml version="1.0" encoding="UTF-8"?>
<!-- Generated by org.testng.reporters.JUnitReportReporter -->
<testsuite hostname="Gautam" failures="0" tests="5" name="homeTestCases.navigationsIphone" time="29.111" errors="0" timestamp="2025-04-29T17:53:08 IST" skipped="0">
  <testcase classname="homeTestCases.navigationsIphone" name="chooseReward" time="20.505"/>
  <testcase classname="homeTestCases.navigationsIphone" name="gameRules" time="0.421"/>
  <testcase classname="homeTestCases.navigationsIphone" name="historyPage" time="2.277"/>
  <testcase classname="homeTestCases.navigationsIphone" name="storeNavigation" time="5.104"/>
  <testcase classname="homeTestCases.navigationsIphone" name="settingsNavigations" time="0.804"/>
</testsuite> <!-- homeTestCases.navigationsIphone -->
