<?xml version="1.0" encoding="UTF-8"?>
<!-- Generated by org.testng.reporters.JUnitReportReporter -->
<testsuite hostname="Gautam" failures="0" tests="1" name="LoginPage.LoginTestConsumerAndroid" time="24.260" errors="0" timestamp="2025-04-29T17:53:08 IST" skipped="0">
  <testcase classname="LoginPage.LoginTestConsumerAndroid" name="oldUserLoginAddChild" time="24.260"/>
</testsuite> <!-- LoginPage.LoginTestConsumerAndroid -->
