<?xml version="1.0" encoding="UTF-8"?>
<!-- Generated by org.testng.reporters.JUnitReportReporter -->
<testsuite hostname="Gautam" failures="0" tests="2" name="gamePage.clickingBrushOrFlossIphone" time="27.001" errors="0" timestamp="2025-04-29T17:53:08 IST" skipped="0">
  <testcase classname="gamePage.clickingBrushOrFlossIphone" name="loginAndCreateChildIfNotExists" time="19.371"/>
  <testcase classname="gamePage.clickingBrushOrFlossIphone" name="clickingOnActivities" time="7.630"/>
</testsuite> <!-- gamePage.clickingBrushOrFlossIphone -->
